SLF4J: Class path contains multiple SLF4J bindings.
SLF4J: Found binding in [jar:file:/home/zest/wozai-service/user-service/target/user-server-0.9.0.jar!/lib/logback-classic-1.1.3.jar!/org/slf4j/impl/StaticLoggerBinder.class]
SLF4J: Found binding in [jar:file:/home/zest/wozai-service/user-service/target/user-server-0.9.0.jar!/lib/slf4j-log4j12-1.7.13.jar!/org/slf4j/impl/StaticLoggerBinder.class]
SLF4J: See http://www.slf4j.org/codes.html#multiple_bindings for an explanation.
19:51:02,504 |-INFO in ch.qos.logback.classic.LoggerContext[default] - Could NOT find resource [logback.groovy]
19:51:02,505 |-INFO in ch.qos.logback.classic.LoggerContext[default] - Could NOT find resource [logback-test.xml]
19:51:02,506 |-INFO in ch.qos.logback.classic.LoggerContext[default] - Found resource [logback.xml] at [jar:file:/home/zest/wozai-service/user-service/target/user-server-0.9.0.jar!/logback.xml]
19:51:02,508 |-WARN in ch.qos.logback.classic.LoggerContext[default] - Resource [logback.xml] occurs multiple times on the classpath.
19:51:02,508 |-WARN in ch.qos.logback.classic.LoggerContext[default] - Resource [logback.xml] occurs at [jar:file:/home/zest/wozai-service/user-service/target/user-server-0.9.0.jar!/lib/sq-utils-0.9.6.jar!/logback.xml]
19:51:02,508 |-WARN in ch.qos.logback.classic.LoggerContext[default] - Resource [logback.xml] occurs at [jar:file:/home/zest/wozai-service/user-service/target/user-server-0.9.0.jar!/logback.xml]
19:51:02,548 |-INFO in ch.qos.logback.core.joran.spi.ConfigurationWatchList@345e9bbe - URL [jar:file:/home/zest/wozai-service/user-service/target/user-server-0.9.0.jar!/logback.xml] is not of type file
19:51:02,634 |-INFO in ch.qos.logback.classic.joran.action.ConfigurationAction - debug attribute not set
19:51:02,646 |-INFO in ch.qos.logback.classic.joran.action.ConfigurationAction - Setting ReconfigureOnChangeFilter scanning period to 30 seconds
19:51:02,646 |-INFO in ReconfigureOnChangeFilter{invocationCounter=0} - Will scan for changes in [[]] every 30 seconds. 
19:51:02,646 |-INFO in ch.qos.logback.classic.joran.action.ConfigurationAction - Adding ReconfigureOnChangeFilter as a turbo filter
19:51:02,654 |-INFO in ch.qos.logback.core.joran.action.AppenderAction - About to instantiate appender of type [ch.qos.logback.core.rolling.RollingFileAppender]
19:51:02,663 |-INFO in ch.qos.logback.core.joran.action.AppenderAction - Naming appender as [INFO]
19:51:02,806 |-INFO in c.q.l.core.rolling.TimeBasedRollingPolicy - No compression will be used
19:51:02,808 |-INFO in c.q.l.core.rolling.TimeBasedRollingPolicy - Will use the pattern log/log.%d{yyyy-MM-dd_HH,Asia/Shanghai} for the active file
19:51:02,813 |-INFO in c.q.l.core.rolling.DefaultTimeBasedFileNamingAndTriggeringPolicy - The date pattern is 'yyyy-MM-dd_HH' from file name pattern 'log/log.%d{yyyy-MM-dd_HH,Asia/Shanghai}'.
19:51:02,813 |-INFO in c.q.l.core.rolling.DefaultTimeBasedFileNamingAndTriggeringPolicy - Roll-over at the top of every hour.
19:51:02,816 |-INFO in c.q.l.core.rolling.DefaultTimeBasedFileNamingAndTriggeringPolicy - Setting initial period to Thu Oct 05 17:05:49 CST 2017
19:51:03,117 |-INFO in ch.qos.logback.core.rolling.RollingFileAppender[INFO] - Active log file name: log/log
19:51:03,117 |-INFO in ch.qos.logback.core.rolling.RollingFileAppender[INFO] - File property is set to [log/log]
19:51:03,118 |-INFO in ch.qos.logback.core.joran.action.AppenderAction - About to instantiate appender of type [ch.qos.logback.core.rolling.RollingFileAppender]
19:51:03,118 |-INFO in ch.qos.logback.core.joran.action.AppenderAction - Naming appender as [ERROR]
19:51:03,119 |-INFO in c.q.l.core.rolling.TimeBasedRollingPolicy - No compression will be used
19:51:03,119 |-INFO in c.q.l.core.rolling.TimeBasedRollingPolicy - Will use the pattern log/err.%d{yyyy-MM-dd_HH,Asia/Shanghai} for the active file
19:51:03,120 |-INFO in c.q.l.core.rolling.DefaultTimeBasedFileNamingAndTriggeringPolicy - The date pattern is 'yyyy-MM-dd_HH' from file name pattern 'log/err.%d{yyyy-MM-dd_HH,Asia/Shanghai}'.
19:51:03,120 |-INFO in c.q.l.core.rolling.DefaultTimeBasedFileNamingAndTriggeringPolicy - Roll-over at the top of every hour.
19:51:03,120 |-INFO in c.q.l.core.rolling.DefaultTimeBasedFileNamingAndTriggeringPolicy - Setting initial period to Thu Oct 05 17:05:48 CST 2017
19:51:03,121 |-INFO in ch.qos.logback.core.rolling.RollingFileAppender[ERROR] - Active log file name: log/err
19:51:03,121 |-INFO in ch.qos.logback.core.rolling.RollingFileAppender[ERROR] - File property is set to [log/err]
19:51:03,121 |-INFO in ch.qos.logback.classic.joran.action.RootLoggerAction - Setting level of ROOT logger to INFO
19:51:03,121 |-INFO in ch.qos.logback.core.joran.action.AppenderRefAction - Attaching appender named [INFO] to Logger[ROOT]
19:51:03,122 |-INFO in ch.qos.logback.core.joran.action.AppenderRefAction - Attaching appender named [ERROR] to Logger[ROOT]
19:51:03,122 |-INFO in ch.qos.logback.classic.joran.action.ConfigurationAction - End of configuration.
19:51:03,123 |-INFO in ch.qos.logback.classic.joran.JoranConfigurator@5019f866 - Registering current configuration as safe fallback point

SLF4J: Actual binding is of type [ch.qos.logback.classic.util.ContextSelectorStaticBinder]

  .   ____          _            __ _ _
 /\\ / ___'_ __ _ _(_)_ __  __ _ \ \ \ \
( ( )\___ | '_ | '_| | '_ \/ _` | \ \ \ \
 \\/  ___)| |_)| | | | | || (_| |  ) ) ) )
  '  |____| .__|_| |_|_| |_\__, | / / / /
 =========|_|==============|___/=/_/_/_/
 :: Spring Boot ::        (v1.3.1.RELEASE)

java.lang.reflect.InvocationTargetException
	at sun.reflect.NativeMethodAccessorImpl.invoke0(Native Method)
	at sun.reflect.NativeMethodAccessorImpl.invoke(NativeMethodAccessorImpl.java:62)
	at sun.reflect.DelegatingMethodAccessorImpl.invoke(DelegatingMethodAccessorImpl.java:43)
	at java.lang.reflect.Method.invoke(Method.java:498)
	at org.springframework.boot.loader.MainMethodRunner.run(MainMethodRunner.java:53)
	at java.lang.Thread.run(Thread.java:748)
Caused by: org.springframework.beans.factory.BeanCreationException: Error creating bean with name 'okrFacadeFactory': Injection of autowired dependencies failed; nested exception is org.springframework.beans.factory.BeanCreationException: Could not autowire field: private hr.wozai.service.servicecommons.thrift.client.ThriftClientProxy hr.wozai.service.user.server.factory.OkrFacadeFactory.messageCenterFacadeProxy; nested exception is org.springframework.beans.factory.BeanCreationException: Error creating bean with name 'messageCenterFacadeProxy' defined in class path resource [thrift/thrift-service.xml]: Invocation of init method failed; nested exception is org.apache.zookeeper.KeeperException$NoNodeException: KeeperErrorCode = NoNode for /thrift/service/wozai/message/local
Related cause: org.springframework.beans.factory.BeanCreationException: Error creating bean with name 'messageCenterFacadeProxy' defined in class path resource [thrift/thrift-service.xml]: Invocation of init method failed; nested exception is org.apache.zookeeper.KeeperException$NoNodeException: KeeperErrorCode = NoNode for /thrift/service/wozai/message/local
Related cause: org.springframework.beans.factory.BeanCreationException: Error creating bean with name 'reviewTemplateFacadeProxy' defined in class path resource [thrift/thrift-service.xml]: Invocation of init method failed; nested exception is org.apache.zookeeper.KeeperException$NoNodeException: KeeperErrorCode = NoNode for /thrift/service/wozai/review/template/local
Related cause: org.springframework.beans.factory.BeanCreationException: Error creating bean with name 'messageCenterFacadeProxy' defined in class path resource [thrift/thrift-service.xml]: Invocation of init method failed; nested exception is org.apache.zookeeper.KeeperException$NoNodeException: KeeperErrorCode = NoNode for /thrift/service/wozai/message/local
Related cause: org.springframework.beans.factory.BeanCreationException: Error creating bean with name 'reviewTemplateFacadeProxy' defined in class path resource [thrift/thrift-service.xml]: Invocation of init method failed; nested exception is org.apache.zookeeper.KeeperException$NoNodeException: KeeperErrorCode = NoNode for /thrift/service/wozai/review/template/local
Related cause: org.springframework.beans.factory.BeanCreationException: Error creating bean with name 'messageCenterFacadeProxy' defined in class path resource [thrift/thrift-service.xml]: Invocation of init method failed; nested exception is org.apache.zookeeper.KeeperException$NoNodeException: KeeperErrorCode = NoNode for /thrift/service/wozai/message/local
Related cause: org.springframework.beans.factory.BeanCreationException: Error creating bean with name 'reviewTemplateFacadeProxy' defined in class path resource [thrift/thrift-service.xml]: Invocation of init method failed; nested exception is org.apache.zookeeper.KeeperException$NoNodeException: KeeperErrorCode = NoNode for /thrift/service/wozai/review/template/local
Related cause: org.springframework.beans.factory.BeanCreationException: Error creating bean with name 'messageCenterFacadeProxy' defined in class path resource [thrift/thrift-service.xml]: Invocation of init method failed; nested exception is org.apache.zookeeper.KeeperException$NoNodeException: KeeperErrorCode = NoNode for /thrift/service/wozai/message/local
Related cause: org.springframework.beans.factory.BeanCreationException: Error creating bean with name 'reviewTemplateFacadeProxy' defined in class path resource [thrift/thrift-service.xml]: Invocation of init method failed; nested exception is org.apache.zookeeper.KeeperException$NoNodeException: KeeperErrorCode = NoNode for /thrift/service/wozai/review/template/local
Related cause: org.springframework.beans.factory.BeanCreationException: Error creating bean with name 'messageCenterFacadeProxy' defined in class path resource [thrift/thrift-service.xml]: Invocation of init method failed; nested exception is org.apache.zookeeper.KeeperException$NoNodeException: KeeperErrorCode = NoNode for /thrift/service/wozai/message/local
Related cause: org.springframework.beans.factory.BeanCreationException: Error creating bean with name 'reviewTemplateFacadeProxy' defined in class path resource [thrift/thrift-service.xml]: Invocation of init method failed; nested exception is org.apache.zookeeper.KeeperException$NoNodeException: KeeperErrorCode = NoNode for /thrift/service/wozai/review/template/local
Related cause: org.springframework.beans.factory.BeanCreationException: Error creating bean with name 'messageCenterFacadeProxy' defined in class path resource [thrift/thrift-service.xml]: Invocation of init method failed; nested exception is org.apache.zookeeper.KeeperException$NoNodeException: KeeperErrorCode = NoNode for /thrift/service/wozai/message/local
Related cause: org.springframework.beans.factory.BeanCreationException: Error creating bean with name 'reviewTemplateFacadeProxy' defined in class path resource [thrift/thrift-service.xml]: Invocation of init method failed; nested exception is org.apache.zookeeper.KeeperException$NoNodeException: KeeperErrorCode = NoNode for /thrift/service/wozai/review/template/local
Related cause: org.springframework.beans.factory.BeanCreationException: Error creating bean with name 'messageCenterFacadeProxy' defined in class path resource [thrift/thrift-service.xml]: Invocation of init method failed; nested exception is org.apache.zookeeper.KeeperException$NoNodeException: KeeperErrorCode = NoNode for /thrift/service/wozai/message/local
Related cause: org.springframework.beans.factory.BeanCreationException: Error creating bean with name 'reviewTemplateFacadeProxy' defined in class path resource [thrift/thrift-service.xml]: Invocation of init method failed; nested exception is org.apache.zookeeper.KeeperException$NoNodeException: KeeperErrorCode = NoNode for /thrift/service/wozai/review/template/local
Related cause: org.springframework.beans.factory.BeanCreationException: Error creating bean with name 'messageCenterFacadeProxy' defined in class path resource [thrift/thrift-service.xml]: Invocation of init method failed; nested exception is org.apache.zookeeper.KeeperException$NoNodeException: KeeperErrorCode = NoNode for /thrift/service/wozai/message/local
Related cause: org.springframework.beans.factory.BeanCreationException: Error creating bean with name 'reviewTemplateFacadeProxy' defined in class path resource [thrift/thrift-service.xml]: Invocation of init method failed; nested exception is org.apache.zookeeper.KeeperException$NoNodeException: KeeperErrorCode = NoNode for /thrift/service/wozai/review/template/local
Related cause: org.springframework.beans.factory.BeanCreationException: Error creating bean with name 'messageCenterFacadeProxy' defined in class path resource [thrift/thrift-service.xml]: Invocation of init method failed; nested exception is org.apache.zookeeper.KeeperException$NoNodeException: KeeperErrorCode = NoNode for /thrift/service/wozai/message/local
Related cause: org.springframework.beans.factory.BeanCreationException: Error creating bean with name 'reviewTemplateFacadeProxy' defined in class path resource [thrift/thrift-service.xml]: Invocation of init method failed; nested exception is org.apache.zookeeper.KeeperException$NoNodeException: KeeperErrorCode = NoNode for /thrift/service/wozai/review/template/local
Related cause: org.springframework.beans.factory.BeanCreationException: Error creating bean with name 'messageCenterFacadeProxy' defined in class path resource [thrift/thrift-service.xml]: Invocation of init method failed; nested exception is org.apache.zookeeper.KeeperException$NoNodeException: KeeperErrorCode = NoNode for /thrift/service/wozai/message/local
Related cause: org.springframework.beans.factory.BeanCreationException: Error creating bean with name 'reviewTemplateFacadeProxy' defined in class path resource [thrift/thrift-service.xml]: Invocation of init method failed; nested exception is org.apache.zookeeper.KeeperException$NoNodeException: KeeperErrorCode = NoNode for /thrift/service/wozai/review/template/local
Related cause: org.springframework.beans.factory.BeanCreationException: Error creating bean with name 'messageCenterFacadeProxy' defined in class path resource [thrift/thrift-service.xml]: Invocation of init method failed; nested exception is org.apache.zookeeper.KeeperException$NoNodeException: KeeperErrorCode = NoNode for /thrift/service/wozai/message/local
Related cause: org.springframework.beans.factory.BeanCreationException: Error creating bean with name 'reviewTemplateFacadeProxy' defined in class path resource [thrift/thrift-service.xml]: Invocation of init method failed; nested exception is org.apache.zookeeper.KeeperException$NoNodeException: KeeperErrorCode = NoNode for /thrift/service/wozai/review/template/local
Related cause: org.springframework.beans.factory.BeanCreationException: Error creating bean with name 'messageCenterFacadeProxy' defined in class path resource [thrift/thrift-service.xml]: Invocation of init method failed; nested exception is org.apache.zookeeper.KeeperException$NoNodeException: KeeperErrorCode = NoNode for /thrift/service/wozai/message/local
Related cause: org.springframework.beans.factory.BeanCreationException: Error creating bean with name 'reviewTemplateFacadeProxy' defined in class path resource [thrift/thrift-service.xml]: Invocation of init method failed; nested exception is org.apache.zookeeper.KeeperException$NoNodeException: KeeperErrorCode = NoNode for /thrift/service/wozai/review/template/local
Related cause: org.springframework.beans.factory.BeanCreationException: Error creating bean with name 'messageCenterFacadeProxy' defined in class path resource [thrift/thrift-service.xml]: Invocation of init method failed; nested exception is org.apache.zookeeper.KeeperException$NoNodeException: KeeperErrorCode = NoNode for /thrift/service/wozai/message/local
Related cause: org.springframework.beans.factory.BeanCreationException: Error creating bean with name 'reviewTemplateFacadeProxy' defined in class path resource [thrift/thrift-service.xml]: Invocation of init method failed; nested exception is org.apache.zookeeper.KeeperException$NoNodeException: KeeperErrorCode = NoNode for /thrift/service/wozai/review/template/local
Related cause: org.springframework.beans.factory.BeanCreationException: Error creating bean with name 'messageCenterFacadeProxy' defined in class path resource [thrift/thrift-service.xml]: Invocation of init method failed; nested exception is org.apache.zookeeper.KeeperException$NoNodeException: KeeperErrorCode = NoNode for /thrift/service/wozai/message/local
Related cause: org.springframework.beans.factory.BeanCreationException: Error creating bean with name 'reviewTemplateFacadeProxy' defined in class path resource [thrift/thrift-service.xml]: Invocation of init method failed; nested exception is org.apache.zookeeper.KeeperException$NoNodeException: KeeperErrorCode = NoNode for /thrift/service/wozai/review/template/local
Related cause: org.springframework.beans.factory.BeanCreationException: Error creating bean with name 'messageCenterFacadeProxy' defined in class path resource [thrift/thrift-service.xml]: Invocation of init method failed; nested exception is org.apache.zookeeper.KeeperException$NoNodeException: KeeperErrorCode = NoNode for /thrift/service/wozai/message/local
Related cause: org.springframework.beans.factory.BeanCreationException: Error creating bean with name 'reviewTemplateFacadeProxy' defined in class path resource [thrift/thrift-service.xml]: Invocation of init method failed; nested exception is org.apache.zookeeper.KeeperException$NoNodeException: KeeperErrorCode = NoNode for /thrift/service/wozai/review/template/local
Related cause: org.springframework.beans.factory.BeanCreationException: Error creating bean with name 'messageCenterFacadeProxy' defined in class path resource [thrift/thrift-service.xml]: Invocation of init method failed; nested exception is org.apache.zookeeper.KeeperException$NoNodeException: KeeperErrorCode = NoNode for /thrift/service/wozai/message/local
Related cause: org.springframework.beans.factory.BeanCreationException: Error creating bean with name 'reviewTemplateFacadeProxy' defined in class path resource [thrift/thrift-service.xml]: Invocation of init method failed; nested exception is org.apache.zookeeper.KeeperException$NoNodeException: KeeperErrorCode = NoNode for /thrift/service/wozai/review/template/local
Related cause: org.springframework.beans.factory.BeanCreationException: Error creating bean with name 'messageCenterFacadeProxy' defined in class path resource [thrift/thrift-service.xml]: Invocation of init method failed; nested exception is org.apache.zookeeper.KeeperException$NoNodeException: KeeperErrorCode = NoNode for /thrift/service/wozai/message/local
Related cause: org.springframework.beans.factory.BeanCreationException: Error creating bean with name 'reviewTemplateFacadeProxy' defined in class path resource [thrift/thrift-service.xml]: Invocation of init method failed; nested exception is org.apache.zookeeper.KeeperException$NoNodeException: KeeperErrorCode = NoNode for /thrift/service/wozai/review/template/local
Related cause: org.springframework.beans.factory.BeanCreationException: Error creating bean with name 'messageCenterFacadeProxy' defined in class path resource [thrift/thrift-service.xml]: Invocation of init method failed; nested exception is org.apache.zookeeper.KeeperException$NoNodeException: KeeperErrorCode = NoNode for /thrift/service/wozai/message/local
Related cause: org.springframework.beans.factory.BeanCreationException: Error creating bean with name 'reviewTemplateFacadeProxy' defined in class path resource [thrift/thrift-service.xml]: Invocation of init method failed; nested exception is org.apache.zookeeper.KeeperException$NoNodeException: KeeperErrorCode = NoNode for /thrift/service/wozai/review/template/local
Related cause: org.springframework.beans.factory.BeanCreationException: Error creating bean with name 'messageCenterFacadeProxy' defined in class path resource [thrift/thrift-service.xml]: Invocation of init method failed; nested exception is org.apache.zookeeper.KeeperException$NoNodeException: KeeperErrorCode = NoNode for /thrift/service/wozai/message/local
Related cause: org.springframework.beans.factory.BeanCreationException: Error creating bean with name 'reviewTemplateFacadeProxy' defined in class path resource [thrift/thrift-service.xml]: Invocation of init method failed; nested exception is org.apache.zookeeper.KeeperException$NoNodeException: KeeperErrorCode = NoNode for /thrift/service/wozai/review/template/local
Related cause: org.springframework.beans.factory.BeanCreationException: Error creating bean with name 'messageCenterFacadeProxy' defined in class path resource [thrift/thrift-service.xml]: Invocation of init method failed; nested exception is org.apache.zookeeper.KeeperException$NoNodeException: KeeperErrorCode = NoNode for /thrift/service/wozai/message/local
Related cause: org.springframework.beans.factory.BeanCreationException: Error creating bean with name 'reviewTemplateFacadeProxy' defined in class path resource [thrift/thrift-service.xml]: Invocation of init method failed; nested exception is org.apache.zookeeper.KeeperException$NoNodeException: KeeperErrorCode = NoNode for /thrift/service/wozai/review/template/local
Related cause: org.springframework.beans.factory.BeanCreationException: Error creating bean with name 'messageCenterFacadeProxy' defined in class path resource [thrift/thrift-service.xml]: Invocation of init method failed; nested exception is org.apache.zookeeper.KeeperException$NoNodeException: KeeperErrorCode = NoNode for /thrift/service/wozai/message/local
Related cause: org.springframework.beans.factory.BeanCreationException: Error creating bean with name 'reviewTemplateFacadeProxy' defined in class path resource [thrift/thrift-service.xml]: Invocation of init method failed; nested exception is org.apache.zookeeper.KeeperException$NoNodeException: KeeperErrorCode = NoNode for /thrift/service/wozai/review/template/local
Related cause: org.springframework.beans.factory.BeanCreationException: Error creating bean with name 'messageCenterFacadeProxy' defined in class path resource [thrift/thrift-service.xml]: Invocation of init method failed; nested exception is org.apache.zookeeper.KeeperException$NoNodeException: KeeperErrorCode = NoNode for /thrift/service/wozai/message/local
Related cause: org.springframework.beans.factory.BeanCreationException: Error creating bean with name 'reviewTemplateFacadeProxy' defined in class path resource [thrift/thrift-service.xml]: Invocation of init method failed; nested exception is org.apache.zookeeper.KeeperException$NoNodeException: KeeperErrorCode = NoNode for /thrift/service/wozai/review/template/local
Related cause: org.springframework.beans.factory.BeanCreationException: Error creating bean with name 'messageCenterFacadeProxy' defined in class path resource [thrift/thrift-service.xml]: Invocation of init method failed; nested exception is org.apache.zookeeper.KeeperException$NoNodeException: KeeperErrorCode = NoNode for /thrift/service/wozai/message/local
Related cause: org.springframework.beans.factory.BeanCreationException: Error creating bean with name 'reviewTemplateFacadeProxy' defined in class path resource [thrift/thrift-service.xml]: Invocation of init method failed; nested exception is org.apache.zookeeper.KeeperException$NoNodeException: KeeperErrorCode = NoNode for /thrift/service/wozai/review/template/local
Related cause: org.springframework.beans.factory.BeanCreationException: Error creating bean with name 'messageCenterFacadeProxy' defined in class path resource [thrift/thrift-service.xml]: Invocation of init method failed; nested exception is org.apache.zookeeper.KeeperException$NoNodeException: KeeperErrorCode = NoNode for /thrift/service/wozai/message/local
Related cause: org.springframework.beans.factory.BeanCreationException: Error creating bean with name 'reviewTemplateFacadeProxy' defined in class path resource [thrift/thrift-service.xml]: Invocation of init method failed; nested exception is org.apache.zookeeper.KeeperException$NoNodeException: KeeperErrorCode = NoNode for /thrift/service/wozai/review/template/local
Related cause: org.springframework.beans.factory.BeanCreationException: Error creating bean with name 'messageCenterFacadeProxy' defined in class path resource [thrift/thrift-service.xml]: Invocation of init method failed; nested exception is org.apache.zookeeper.KeeperException$NoNodeException: KeeperErrorCode = NoNode for /thrift/service/wozai/message/local
Related cause: org.springframework.beans.factory.BeanCreationException: Error creating bean with name 'reviewTemplateFacadeProxy' defined in class path resource [thrift/thrift-service.xml]: Invocation of init method failed; nested exception is org.apache.zookeeper.KeeperException$NoNodeException: KeeperErrorCode = NoNode for /thrift/service/wozai/review/template/local
Related cause: org.springframework.beans.factory.BeanCreationException: Error creating bean with name 'messageCenterFacadeProxy' defined in class path resource [thrift/thrift-service.xml]: Invocation of init method failed; nested exception is org.apache.zookeeper.KeeperException$NoNodeException: KeeperErrorCode = NoNode for /thrift/service/wozai/message/local
Related cause: org.springframework.beans.factory.BeanCreationException: Error creating bean with name 'reviewTemplateFacadeProxy' defined in class path resource [thrift/thrift-service.xml]: Invocation of init method failed; nested exception is org.apache.zookeeper.KeeperException$NoNodeException: KeeperErrorCode = NoNode for /thrift/service/wozai/review/template/local
Related cause: org.springframework.beans.factory.BeanCreationException: Error creating bean with name 'messageCenterFacadeProxy' defined in class path resource [thrift/thrift-service.xml]: Invocation of init method failed; nested exception is org.apache.zookeeper.KeeperException$NoNodeException: KeeperErrorCode = NoNode for /thrift/service/wozai/message/local
Related cause: org.springframework.beans.factory.BeanCreationException: Error creating bean with name 'reviewTemplateFacadeProxy' defined in class path resource [thrift/thrift-service.xml]: Invocation of init method failed; nested exception is org.apache.zookeeper.KeeperException$NoNodeException: KeeperErrorCode = NoNode for /thrift/service/wozai/review/template/local
Related cause: org.springframework.beans.factory.BeanCreationException: Error creating bean with name 'messageCenterFacadeProxy' defined in class path resource [thrift/thrift-service.xml]: Invocation of init method failed; nested exception is org.apache.zookeeper.KeeperException$NoNodeException: KeeperErrorCode = NoNode for /thrift/service/wozai/message/local
Related cause: org.springframework.beans.factory.BeanCreationException: Error creating bean with name 'reviewTemplateFacadeProxy' defined in class path resource [thrift/thrift-service.xml]: Invocation of init method failed; nested exception is org.apache.zookeeper.KeeperException$NoNodeException: KeeperErrorCode = NoNode for /thrift/service/wozai/review/template/local
Related cause: org.springframework.beans.factory.BeanCreationException: Error creating bean with name 'messageCenterFacadeProxy' defined in class path resource [thrift/thrift-service.xml]: Invocation of init method failed; nested exception is org.apache.zookeeper.KeeperException$NoNodeException: KeeperErrorCode = NoNode for /thrift/service/wozai/message/local
Related cause: org.springframework.beans.factory.BeanCreationException: Error creating bean with name 'reviewTemplateFacadeProxy' defined in class path resource [thrift/thrift-service.xml]: Invocation of init method failed; nested exception is org.apache.zookeeper.KeeperException$NoNodeException: KeeperErrorCode = NoNode for /thrift/service/wozai/review/template/local
Related cause: org.springframework.beans.factory.BeanCreationException: Error creating bean with name 'messageCenterFacadeProxy' defined in class path resource [thrift/thrift-service.xml]: Invocation of init method failed; nested exception is org.apache.zookeeper.KeeperException$NoNodeException: KeeperErrorCode = NoNode for /thrift/service/wozai/message/local
Related cause: org.springframework.beans.factory.BeanCreationException: Error creating bean with name 'reviewTemplateFacadeProxy' defined in class path resource [thrift/thrift-service.xml]: Invocation of init method failed; nested exception is org.apache.zookeeper.KeeperException$NoNodeException: KeeperErrorCode = NoNode for /thrift/service/wozai/review/template/local
Related cause: org.springframework.beans.factory.BeanCreationException: Error creating bean with name 'messageCenterFacadeProxy' defined in class path resource [thrift/thrift-service.xml]: Invocation of init method failed; nested exception is org.apache.zookeeper.KeeperException$NoNodeException: KeeperErrorCode = NoNode for /thrift/service/wozai/message/local
Related cause: org.springframework.beans.factory.BeanCreationException: Error creating bean with name 'reviewTemplateFacadeProxy' defined in class path resource [thrift/thrift-service.xml]: Invocation of init method failed; nested exception is org.apache.zookeeper.KeeperException$NoNodeException: KeeperErrorCode = NoNode for /thrift/service/wozai/review/template/local
Related cause: org.springframework.beans.factory.BeanCreationException: Error creating bean with name 'messageCenterFacadeProxy' defined in class path resource [thrift/thrift-service.xml]: Invocation of init method failed; nested exception is org.apache.zookeeper.KeeperException$NoNodeException: KeeperErrorCode = NoNode for /thrift/service/wozai/message/local
Related cause: org.springframework.beans.factory.BeanCreationException: Error creating bean with name 'reviewTemplateFacadeProxy' defined in class path resource [thrift/thrift-service.xml]: Invocation of init method failed; nested exception is org.apache.zookeeper.KeeperException$NoNodeException: KeeperErrorCode = NoNode for /thrift/service/wozai/review/template/local
Related cause: org.springframework.beans.factory.BeanCreationException: Error creating bean with name 'messageCenterFacadeProxy' defined in class path resource [thrift/thrift-service.xml]: Invocation of init method failed; nested exception is org.apache.zookeeper.KeeperException$NoNodeException: KeeperErrorCode = NoNode for /thrift/service/wozai/message/local
Related cause: org.springframework.beans.factory.BeanCreationException: Error creating bean with name 'reviewTemplateFacadeProxy' defined in class path resource [thrift/thrift-service.xml]: Invocation of init method failed; nested exception is org.apache.zookeeper.KeeperException$NoNodeException: KeeperErrorCode = NoNode for /thrift/service/wozai/review/template/local
Related cause: org.springframework.beans.factory.BeanCreationException: Error creating bean with name 'messageCenterFacadeProxy' defined in class path resource [thrift/thrift-service.xml]: Invocation of init method failed; nested exception is org.apache.zookeeper.KeeperException$NoNodeException: KeeperErrorCode = NoNode for /thrift/service/wozai/message/local
Related cause: org.springframework.beans.factory.BeanCreationException: Error creating bean with name 'reviewTemplateFacadeProxy' defined in class path resource [thrift/thrift-service.xml]: Invocation of init method failed; nested exception is org.apache.zookeeper.KeeperException$NoNodeException: KeeperErrorCode = NoNode for /thrift/service/wozai/review/template/local
Related cause: org.springframework.beans.factory.BeanCreationException: Error creating bean with name 'messageCenterFacadeProxy' defined in class path resource [thrift/thrift-service.xml]: Invocation of init method failed; nested exception is org.apache.zookeeper.KeeperException$NoNodeException: KeeperErrorCode = NoNode for /thrift/service/wozai/message/local
Related cause: org.springframework.beans.factory.BeanCreationException: Error creating bean with name 'reviewTemplateFacadeProxy' defined in class path resource [thrift/thrift-service.xml]: Invocation of init method failed; nested exception is org.apache.zookeeper.KeeperException$NoNodeException: KeeperErrorCode = NoNode for /thrift/service/wozai/review/template/local
Related cause: org.springframework.beans.factory.BeanCreationException: Error creating bean with name 'messageCenterFacadeProxy' defined in class path resource [thrift/thrift-service.xml]: Invocation of init method failed; nested exception is org.apache.zookeeper.KeeperException$NoNodeException: KeeperErrorCode = NoNode for /thrift/service/wozai/message/local
Related cause: org.springframework.beans.factory.BeanCreationException: Error creating bean with name 'reviewTemplateFacadeProxy' defined in class path resource [thrift/thrift-service.xml]: Invocation of init method failed; nested exception is org.apache.zookeeper.KeeperException$NoNodeException: KeeperErrorCode = NoNode for /thrift/service/wozai/review/template/local
Related cause: org.springframework.beans.factory.BeanCreationException: Error creating bean with name 'messageCenterFacadeProxy' defined in class path resource [thrift/thrift-service.xml]: Invocation of init method failed; nested exception is org.apache.zookeeper.KeeperException$NoNodeException: KeeperErrorCode = NoNode for /thrift/service/wozai/message/local
Related cause: org.springframework.beans.factory.BeanCreationException: Error creating bean with name 'reviewTemplateFacadeProxy' defined in class path resource [thrift/thrift-service.xml]: Invocation of init method failed; nested exception is org.apache.zookeeper.KeeperException$NoNodeException: KeeperErrorCode = NoNode for /thrift/service/wozai/review/template/local
Related cause: org.springframework.beans.factory.BeanCreationException: Error creating bean with name 'messageCenterFacadeProxy' defined in class path resource [thrift/thrift-service.xml]: Invocation of init method failed; nested exception is org.apache.zookeeper.KeeperException$NoNodeException: KeeperErrorCode = NoNode for /thrift/service/wozai/message/local
Related cause: org.springframework.beans.factory.BeanCreationException: Error creating bean with name 'reviewTemplateFacadeProxy' defined in class path resource [thrift/thrift-service.xml]: Invocation of init method failed; nested exception is org.apache.zookeeper.KeeperException$NoNodeException: KeeperErrorCode = NoNode for /thrift/service/wozai/review/template/local
Related cause: org.springframework.beans.factory.BeanCreationException: Error creating bean with name 'messageCenterFacadeProxy' defined in class path resource [thrift/thrift-service.xml]: Invocation of init method failed; nested exception is org.apache.zookeeper.KeeperException$NoNodeException: KeeperErrorCode = NoNode for /thrift/service/wozai/message/local
Related cause: org.springframework.beans.factory.BeanCreationException: Error creating bean with name 'reviewTemplateFacadeProxy' defined in class path resource [thrift/thrift-service.xml]: Invocation of init method failed; nested exception is org.apache.zookeeper.KeeperException$NoNodeException: KeeperErrorCode = NoNode for /thrift/service/wozai/review/template/local
Related cause: org.springframework.beans.factory.BeanCreationException: Error creating bean with name 'messageCenterFacadeProxy' defined in class path resource [thrift/thrift-service.xml]: Invocation of init method failed; nested exception is org.apache.zookeeper.KeeperException$NoNodeException: KeeperErrorCode = NoNode for /thrift/service/wozai/message/local
Related cause: org.springframework.beans.factory.BeanCreationException: Error creating bean with name 'reviewTemplateFacadeProxy' defined in class path resource [thrift/thrift-service.xml]: Invocation of init method failed; nested exception is org.apache.zookeeper.KeeperException$NoNodeException: KeeperErrorCode = NoNode for /thrift/service/wozai/review/template/local
Related cause: org.springframework.beans.factory.BeanCreationException: Error creating bean with name 'messageCenterFacadeProxy' defined in class path resource [thrift/thrift-service.xml]: Invocation of init method failed; nested exception is org.apache.zookeeper.KeeperException$NoNodeException: KeeperErrorCode = NoNode for /thrift/service/wozai/message/local
Related cause: org.springframework.beans.factory.BeanCreationException: Error creating bean with name 'reviewTemplateFacadeProxy' defined in class path resource [thrift/thrift-service.xml]: Invocation of init method failed; nested exception is org.apache.zookeeper.KeeperException$NoNodeException: KeeperErrorCode = NoNode for /thrift/service/wozai/review/template/local
Related cause: org.springframework.beans.factory.BeanCreationException: Error creating bean with name 'messageCenterFacadeProxy' defined in class path resource [thrift/thrift-service.xml]: Invocation of init method failed; nested exception is org.apache.zookeeper.KeeperException$NoNodeException: KeeperErrorCode = NoNode for /thrift/service/wozai/message/local
Related cause: org.springframework.beans.factory.BeanCreationException: Error creating bean with name 'reviewTemplateFacadeProxy' defined in class path resource [thrift/thrift-service.xml]: Invocation of init method failed; nested exception is org.apache.zookeeper.KeeperException$NoNodeException: KeeperErrorCode = NoNode for /thrift/service/wozai/review/template/local
Related cause: org.springframework.beans.factory.BeanCreationException: Error creating bean with name 'messageCenterFacadeProxy' defined in class path resource [thrift/thrift-service.xml]: Invocation of init method failed; nested exception is org.apache.zookeeper.KeeperException$NoNodeException: KeeperErrorCode = NoNode for /thrift/service/wozai/message/local
Related cause: org.springframework.beans.factory.BeanCreationException: Error creating bean with name 'reviewTemplateFacadeProxy' defined in class path resource [thrift/thrift-service.xml]: Invocation of init method failed; nested exception is org.apache.zookeeper.KeeperException$NoNodeException: KeeperErrorCode = NoNode for /thrift/service/wozai/review/template/local
Related cause: org.springframework.beans.factory.BeanCreationException: Error creating bean with name 'messageCenterFacadeProxy' defined in class path resource [thrift/thrift-service.xml]: Invocation of init method failed; nested exception is org.apache.zookeeper.KeeperException$NoNodeException: KeeperErrorCode = NoNode for /thrift/service/wozai/message/local
Related cause: org.springframework.beans.factory.BeanCreationException: Error creating bean with name 'reviewTemplateFacadeProxy' defined in class path resource [thrift/thrift-service.xml]: Invocation of init method failed; nested exception is org.apache.zookeeper.KeeperException$NoNodeException: KeeperErrorCode = NoNode for /thrift/service/wozai/review/template/local
Related cause: org.springframework.beans.factory.BeanCreationException: Error creating bean with name 'messageCenterFacadeProxy' defined in class path resource [thrift/thrift-service.xml]: Invocation of init method failed; nested exception is org.apache.zookeeper.KeeperException$NoNodeException: KeeperErrorCode = NoNode for /thrift/service/wozai/message/local
Related cause: org.springframework.beans.factory.BeanCreationException: Error creating bean with name 'reviewTemplateFacadeProxy' defined in class path resource [thrift/thrift-service.xml]: Invocation of init method failed; nested exception is org.apache.zookeeper.KeeperException$NoNodeException: KeeperErrorCode = NoNode for /thrift/service/wozai/review/template/local
Related cause: org.springframework.beans.factory.BeanCreationException: Error creating bean with name 'messageCenterFacadeProxy' defined in class path resource [thrift/thrift-service.xml]: Invocation of init method failed; nested exception is org.apache.zookeeper.KeeperException$NoNodeException: KeeperErrorCode = NoNode for /thrift/service/wozai/message/local
Related cause: org.springframework.beans.factory.BeanCreationException: Error creating bean with name 'reviewTemplateFacadeProxy' defined in class path resource [thrift/thrift-service.xml]: Invocation of init method failed; nested exception is org.apache.zookeeper.KeeperException$NoNodeException: KeeperErrorCode = NoNode for /thrift/service/wozai/review/template/local
Related cause: org.springframework.beans.factory.BeanCreationException: Error creating bean with name 'messageCenterFacadeProxy' defined in class path resource [thrift/thrift-service.xml]: Invocation of init method failed; nested exception is org.apache.zookeeper.KeeperException$NoNodeException: KeeperErrorCode = NoNode for /thrift/service/wozai/message/local
Related cause: org.springframework.beans.factory.BeanCreationException: Error creating bean with name 'reviewTemplateFacadeProxy' defined in class path resource [thrift/thrift-service.xml]: Invocation of init method failed; nested exception is org.apache.zookeeper.KeeperException$NoNodeException: KeeperErrorCode = NoNode for /thrift/service/wozai/review/template/local
	at org.springframework.beans.factory.annotation.AutowiredAnnotationBeanPostProcessor.postProcessPropertyValues(AutowiredAnnotationBeanPostProcessor.java:334)
	at org.springframework.beans.factory.support.AbstractAutowireCapableBeanFactory.populateBean(AbstractAutowireCapableBeanFactory.java:1214)
	at org.springframework.beans.factory.support.AbstractAutowireCapableBeanFactory.doCreateBean(AbstractAutowireCapableBeanFactory.java:543)
	at org.springframework.beans.factory.support.AbstractAutowireCapableBeanFactory.createBean(AbstractAutowireCapableBeanFactory.java:482)
	at org.springframework.beans.factory.support.AbstractBeanFactory$1.getObject(AbstractBeanFactory.java:306)
	at org.springframework.beans.factory.support.DefaultSingletonBeanRegistry.getSingleton(DefaultSingletonBeanRegistry.java:230)
	at org.springframework.beans.factory.support.AbstractBeanFactory.doGetBean(AbstractBeanFactory.java:302)
	at org.springframework.beans.factory.support.AbstractBeanFactory.getBean(AbstractBeanFactory.java:197)
	at org.springframework.beans.factory.support.DefaultListableBeanFactory.preInstantiateSingletons(DefaultListableBeanFactory.java:772)
	at org.springframework.context.support.AbstractApplicationContext.finishBeanFactoryInitialization(AbstractApplicationContext.java:839)
	at org.springframework.context.support.AbstractApplicationContext.refresh(AbstractApplicationContext.java:538)
	at org.springframework.boot.context.embedded.EmbeddedWebApplicationContext.refresh(EmbeddedWebApplicationContext.java:118)
	at org.springframework.boot.SpringApplication.refresh(SpringApplication.java:764)
	at org.springframework.boot.SpringApplication.doRun(SpringApplication.java:357)
	at org.springframework.boot.SpringApplication.run(SpringApplication.java:305)
	at org.springframework.boot.SpringApplication.run(SpringApplication.java:1124)
	at org.springframework.boot.SpringApplication.run(SpringApplication.java:1113)
	at hr.wozai.service.user.server.UserServerApplication.main(UserServerApplication.java:24)
	... 6 more
Caused by: org.springframework.beans.factory.BeanCreationException: Could not autowire field: private hr.wozai.service.servicecommons.thrift.client.ThriftClientProxy hr.wozai.service.user.server.factory.OkrFacadeFactory.messageCenterFacadeProxy; nested exception is org.springframework.beans.factory.BeanCreationException: Error creating bean with name 'messageCenterFacadeProxy' defined in class path resource [thrift/thrift-service.xml]: Invocation of init method failed; nested exception is org.apache.zookeeper.KeeperException$NoNodeException: KeeperErrorCode = NoNode for /thrift/service/wozai/message/local
	at org.springframework.beans.factory.annotation.AutowiredAnnotationBeanPostProcessor$AutowiredFieldElement.inject(AutowiredAnnotationBeanPostProcessor.java:573)
	at org.springframework.beans.factory.annotation.InjectionMetadata.inject(InjectionMetadata.java:88)
	at org.springframework.beans.factory.annotation.AutowiredAnnotationBeanPostProcessor.postProcessPropertyValues(AutowiredAnnotationBeanPostProcessor.java:331)
	... 23 more
Caused by: org.springframework.beans.factory.BeanCreationException: Error creating bean with name 'messageCenterFacadeProxy' defined in class path resource [thrift/thrift-service.xml]: Invocation of init method failed; nested exception is org.apache.zookeeper.KeeperException$NoNodeException: KeeperErrorCode = NoNode for /thrift/service/wozai/message/local
	at org.springframework.beans.factory.support.AbstractAutowireCapableBeanFactory.initializeBean(AbstractAutowireCapableBeanFactory.java:1578)
	at org.springframework.beans.factory.support.AbstractAutowireCapableBeanFactory.doCreateBean(AbstractAutowireCapableBeanFactory.java:545)
	at org.springframework.beans.factory.support.AbstractAutowireCapableBeanFactory.createBean(AbstractAutowireCapableBeanFactory.java:482)
	at org.springframework.beans.factory.support.AbstractBeanFactory$1.getObject(AbstractBeanFactory.java:306)
	at org.springframework.beans.factory.support.DefaultSingletonBeanRegistry.getSingleton(DefaultSingletonBeanRegistry.java:230)
	at org.springframework.beans.factory.support.AbstractBeanFactory.doGetBean(AbstractBeanFactory.java:302)
	at org.springframework.beans.factory.support.AbstractBeanFactory.getBean(AbstractBeanFactory.java:197)
	at org.springframework.beans.factory.support.DefaultListableBeanFactory.findAutowireCandidates(DefaultListableBeanFactory.java:1192)
	at org.springframework.beans.factory.support.DefaultListableBeanFactory.doResolveDependency(DefaultListableBeanFactory.java:1116)
	at org.springframework.beans.factory.support.DefaultListableBeanFactory.resolveDependency(DefaultListableBeanFactory.java:1014)
	at org.springframework.beans.factory.annotation.AutowiredAnnotationBeanPostProcessor$AutowiredFieldElement.inject(AutowiredAnnotationBeanPostProcessor.java:545)
	... 25 more
Caused by: org.apache.zookeeper.KeeperException$NoNodeException: KeeperErrorCode = NoNode for /thrift/service/wozai/message/local
	at org.apache.zookeeper.KeeperException.create(KeeperException.java:111)
	at org.apache.zookeeper.KeeperException.create(KeeperException.java:51)
	at org.apache.zookeeper.ZooKeeper.getChildren(ZooKeeper.java:1472)
	at hr.wozai.service.servicecommons.thrift.client.ThriftClientProxy.afterPropertiesSet(ThriftClientProxy.java:127)
	at org.springframework.beans.factory.support.AbstractAutowireCapableBeanFactory.invokeInitMethods(AbstractAutowireCapableBeanFactory.java:1637)
	at org.springframework.beans.factory.support.AbstractAutowireCapableBeanFactory.initializeBean(AbstractAutowireCapableBeanFactory.java:1574)
	... 35 more
SLF4J: Class path contains multiple SLF4J bindings.
SLF4J: Found binding in [jar:file:/home/zest/wozai-service/user-service/target/user-server-0.9.0.jar!/lib/logback-classic-1.1.3.jar!/org/slf4j/impl/StaticLoggerBinder.class]
SLF4J: Found binding in [jar:file:/home/zest/wozai-service/user-service/target/user-server-0.9.0.jar!/lib/slf4j-log4j12-1.7.13.jar!/org/slf4j/impl/StaticLoggerBinder.class]
SLF4J: See http://www.slf4j.org/codes.html#multiple_bindings for an explanation.
19:52:45,782 |-INFO in ch.qos.logback.classic.LoggerContext[default] - Could NOT find resource [logback.groovy]
19:52:45,783 |-INFO in ch.qos.logback.classic.LoggerContext[default] - Could NOT find resource [logback-test.xml]
19:52:45,783 |-INFO in ch.qos.logback.classic.LoggerContext[default] - Found resource [logback.xml] at [jar:file:/home/zest/wozai-service/user-service/target/user-server-0.9.0.jar!/logback.xml]
19:52:45,786 |-WARN in ch.qos.logback.classic.LoggerContext[default] - Resource [logback.xml] occurs multiple times on the classpath.
19:52:45,786 |-WARN in ch.qos.logback.classic.LoggerContext[default] - Resource [logback.xml] occurs at [jar:file:/home/zest/wozai-service/user-service/target/user-server-0.9.0.jar!/lib/sq-utils-0.9.6.jar!/logback.xml]
19:52:45,786 |-WARN in ch.qos.logback.classic.LoggerContext[default] - Resource [logback.xml] occurs at [jar:file:/home/zest/wozai-service/user-service/target/user-server-0.9.0.jar!/logback.xml]
19:52:45,833 |-INFO in ch.qos.logback.core.joran.spi.ConfigurationWatchList@59ebc3d9 - URL [jar:file:/home/zest/wozai-service/user-service/target/user-server-0.9.0.jar!/logback.xml] is not of type file
19:52:45,919 |-INFO in ch.qos.logback.classic.joran.action.ConfigurationAction - debug attribute not set
19:52:45,933 |-INFO in ch.qos.logback.classic.joran.action.ConfigurationAction - Setting ReconfigureOnChangeFilter scanning period to 30 seconds
19:52:45,933 |-INFO in ReconfigureOnChangeFilter{invocationCounter=0} - Will scan for changes in [[]] every 30 seconds. 
19:52:45,933 |-INFO in ch.qos.logback.classic.joran.action.ConfigurationAction - Adding ReconfigureOnChangeFilter as a turbo filter
19:52:45,942 |-INFO in ch.qos.logback.core.joran.action.AppenderAction - About to instantiate appender of type [ch.qos.logback.core.rolling.RollingFileAppender]
19:52:45,951 |-INFO in ch.qos.logback.core.joran.action.AppenderAction - Naming appender as [INFO]
19:52:46,113 |-INFO in c.q.l.core.rolling.TimeBasedRollingPolicy - No compression will be used
19:52:46,115 |-INFO in c.q.l.core.rolling.TimeBasedRollingPolicy - Will use the pattern log/log.%d{yyyy-MM-dd_HH,Asia/Shanghai} for the active file
19:52:46,121 |-INFO in c.q.l.core.rolling.DefaultTimeBasedFileNamingAndTriggeringPolicy - The date pattern is 'yyyy-MM-dd_HH' from file name pattern 'log/log.%d{yyyy-MM-dd_HH,Asia/Shanghai}'.
19:52:46,121 |-INFO in c.q.l.core.rolling.DefaultTimeBasedFileNamingAndTriggeringPolicy - Roll-over at the top of every hour.
19:52:46,125 |-INFO in c.q.l.core.rolling.DefaultTimeBasedFileNamingAndTriggeringPolicy - Setting initial period to Thu Oct 05 19:51:13 CST 2017
19:52:46,472 |-INFO in ch.qos.logback.core.rolling.RollingFileAppender[INFO] - Active log file name: log/log
19:52:46,472 |-INFO in ch.qos.logback.core.rolling.RollingFileAppender[INFO] - File property is set to [log/log]
19:52:46,474 |-INFO in ch.qos.logback.core.joran.action.AppenderAction - About to instantiate appender of type [ch.qos.logback.core.rolling.RollingFileAppender]
19:52:46,474 |-INFO in ch.qos.logback.core.joran.action.AppenderAction - Naming appender as [ERROR]
19:52:46,475 |-INFO in c.q.l.core.rolling.TimeBasedRollingPolicy - No compression will be used
19:52:46,475 |-INFO in c.q.l.core.rolling.TimeBasedRollingPolicy - Will use the pattern log/err.%d{yyyy-MM-dd_HH,Asia/Shanghai} for the active file
19:52:46,476 |-INFO in c.q.l.core.rolling.DefaultTimeBasedFileNamingAndTriggeringPolicy - The date pattern is 'yyyy-MM-dd_HH' from file name pattern 'log/err.%d{yyyy-MM-dd_HH,Asia/Shanghai}'.
19:52:46,476 |-INFO in c.q.l.core.rolling.DefaultTimeBasedFileNamingAndTriggeringPolicy - Roll-over at the top of every hour.
19:52:46,476 |-INFO in c.q.l.core.rolling.DefaultTimeBasedFileNamingAndTriggeringPolicy - Setting initial period to Thu Oct 05 19:51:13 CST 2017
19:52:46,477 |-INFO in ch.qos.logback.core.rolling.RollingFileAppender[ERROR] - Active log file name: log/err
19:52:46,477 |-INFO in ch.qos.logback.core.rolling.RollingFileAppender[ERROR] - File property is set to [log/err]
19:52:46,477 |-INFO in ch.qos.logback.classic.joran.action.RootLoggerAction - Setting level of ROOT logger to INFO
19:52:46,477 |-INFO in ch.qos.logback.core.joran.action.AppenderRefAction - Attaching appender named [INFO] to Logger[ROOT]
19:52:46,478 |-INFO in ch.qos.logback.core.joran.action.AppenderRefAction - Attaching appender named [ERROR] to Logger[ROOT]
19:52:46,479 |-INFO in ch.qos.logback.classic.joran.action.ConfigurationAction - End of configuration.
19:52:46,480 |-INFO in ch.qos.logback.classic.joran.JoranConfigurator@3468714f - Registering current configuration as safe fallback point

SLF4J: Actual binding is of type [ch.qos.logback.classic.util.ContextSelectorStaticBinder]

  .   ____          _            __ _ _
 /\\ / ___'_ __ _ _(_)_ __  __ _ \ \ \ \
( ( )\___ | '_ | '_| | '_ \/ _` | \ \ \ \
 \\/  ___)| |_)| | | | | || (_| |  ) ) ) )
  '  |____| .__|_| |_|_| |_\__, | / / / /
 =========|_|==============|___/=/_/_/_/
 :: Spring Boot ::        (v1.3.1.RELEASE)

SLF4J: Class path contains multiple SLF4J bindings.
SLF4J: Found binding in [jar:file:/home/zest/wozai-service/user-service/target/user-server-0.9.0.jar!/lib/logback-classic-1.1.3.jar!/org/slf4j/impl/StaticLoggerBinder.class]
SLF4J: Found binding in [jar:file:/home/zest/wozai-service/user-service/target/user-server-0.9.0.jar!/lib/slf4j-log4j12-1.7.13.jar!/org/slf4j/impl/StaticLoggerBinder.class]
SLF4J: See http://www.slf4j.org/codes.html#multiple_bindings for an explanation.
10:33:46,002 |-INFO in ch.qos.logback.classic.LoggerContext[default] - Could NOT find resource [logback.groovy]
10:33:46,004 |-INFO in ch.qos.logback.classic.LoggerContext[default] - Could NOT find resource [logback-test.xml]
10:33:46,004 |-INFO in ch.qos.logback.classic.LoggerContext[default] - Found resource [logback.xml] at [jar:file:/home/zest/wozai-service/user-service/target/user-server-0.9.0.jar!/logback.xml]
10:33:46,007 |-WARN in ch.qos.logback.classic.LoggerContext[default] - Resource [logback.xml] occurs multiple times on the classpath.
10:33:46,008 |-WARN in ch.qos.logback.classic.LoggerContext[default] - Resource [logback.xml] occurs at [jar:file:/home/zest/wozai-service/user-service/target/user-server-0.9.0.jar!/lib/sq-utils-0.9.6.jar!/logback.xml]
10:33:46,008 |-WARN in ch.qos.logback.classic.LoggerContext[default] - Resource [logback.xml] occurs at [jar:file:/home/zest/wozai-service/user-service/target/user-server-0.9.0.jar!/logback.xml]
10:33:46,066 |-INFO in ch.qos.logback.core.joran.spi.ConfigurationWatchList@4682c769 - URL [jar:file:/home/zest/wozai-service/user-service/target/user-server-0.9.0.jar!/logback.xml] is not of type file
10:33:46,168 |-INFO in ch.qos.logback.classic.joran.action.ConfigurationAction - debug attribute not set
10:33:46,186 |-INFO in ch.qos.logback.classic.joran.action.ConfigurationAction - Setting ReconfigureOnChangeFilter scanning period to 30 seconds
10:33:46,186 |-INFO in ReconfigureOnChangeFilter{invocationCounter=0} - Will scan for changes in [[]] every 30 seconds. 
10:33:46,186 |-INFO in ch.qos.logback.classic.joran.action.ConfigurationAction - Adding ReconfigureOnChangeFilter as a turbo filter
10:33:46,195 |-INFO in ch.qos.logback.core.joran.action.AppenderAction - About to instantiate appender of type [ch.qos.logback.core.rolling.RollingFileAppender]
10:33:46,205 |-INFO in ch.qos.logback.core.joran.action.AppenderAction - Naming appender as [INFO]
10:33:46,422 |-INFO in c.q.l.core.rolling.TimeBasedRollingPolicy - No compression will be used
10:33:46,425 |-INFO in c.q.l.core.rolling.TimeBasedRollingPolicy - Will use the pattern log/log.%d{yyyy-MM-dd_HH,Asia/Shanghai} for the active file
10:33:46,433 |-INFO in c.q.l.core.rolling.DefaultTimeBasedFileNamingAndTriggeringPolicy - The date pattern is 'yyyy-MM-dd_HH' from file name pattern 'log/log.%d{yyyy-MM-dd_HH,Asia/Shanghai}'.
10:33:46,433 |-INFO in c.q.l.core.rolling.DefaultTimeBasedFileNamingAndTriggeringPolicy - Roll-over at the top of every hour.
10:33:46,438 |-INFO in c.q.l.core.rolling.DefaultTimeBasedFileNamingAndTriggeringPolicy - Setting initial period to Fri Oct 06 10:33:46 CST 2017
10:33:46,441 |-INFO in ch.qos.logback.core.joran.action.NestedComplexPropertyIA - Assuming default type [ch.qos.logback.classic.encoder.PatternLayoutEncoder] for [encoder] property
10:33:46,505 |-INFO in ch.qos.logback.core.rolling.RollingFileAppender[INFO] - Active log file name: log/log
10:33:46,505 |-INFO in ch.qos.logback.core.rolling.RollingFileAppender[INFO] - File property is set to [log/log]
10:33:46,506 |-INFO in ch.qos.logback.core.joran.action.AppenderAction - About to instantiate appender of type [ch.qos.logback.core.rolling.RollingFileAppender]
10:33:46,506 |-INFO in ch.qos.logback.core.joran.action.AppenderAction - Naming appender as [ERROR]
10:33:46,508 |-INFO in c.q.l.core.rolling.TimeBasedRollingPolicy - No compression will be used
10:33:46,509 |-INFO in c.q.l.core.rolling.TimeBasedRollingPolicy - Will use the pattern log/err.%d{yyyy-MM-dd_HH,Asia/Shanghai} for the active file
10:33:46,510 |-INFO in c.q.l.core.rolling.DefaultTimeBasedFileNamingAndTriggeringPolicy - The date pattern is 'yyyy-MM-dd_HH' from file name pattern 'log/err.%d{yyyy-MM-dd_HH,Asia/Shanghai}'.
10:33:46,510 |-INFO in c.q.l.core.rolling.DefaultTimeBasedFileNamingAndTriggeringPolicy - Roll-over at the top of every hour.
10:33:46,510 |-INFO in c.q.l.core.rolling.DefaultTimeBasedFileNamingAndTriggeringPolicy - Setting initial period to Thu Oct 05 19:51:13 CST 2017
10:33:46,510 |-INFO in ch.qos.logback.core.joran.action.NestedComplexPropertyIA - Assuming default type [ch.qos.logback.classic.encoder.PatternLayoutEncoder] for [encoder] property
10:33:46,511 |-INFO in ch.qos.logback.core.rolling.RollingFileAppender[ERROR] - Active log file name: log/err
10:33:46,511 |-INFO in ch.qos.logback.core.rolling.RollingFileAppender[ERROR] - File property is set to [log/err]
10:33:46,511 |-INFO in ch.qos.logback.classic.joran.action.RootLoggerAction - Setting level of ROOT logger to INFO
10:33:46,511 |-INFO in ch.qos.logback.core.joran.action.AppenderRefAction - Attaching appender named [INFO] to Logger[ROOT]
10:33:46,513 |-INFO in ch.qos.logback.core.joran.action.AppenderRefAction - Attaching appender named [ERROR] to Logger[ROOT]
10:33:46,513 |-INFO in ch.qos.logback.classic.joran.action.ConfigurationAction - End of configuration.
10:33:46,514 |-INFO in ch.qos.logback.classic.joran.JoranConfigurator@4c9d4cca - Registering current configuration as safe fallback point

SLF4J: Actual binding is of type [ch.qos.logback.classic.util.ContextSelectorStaticBinder]

  .   ____          _            __ _ _
 /\\ / ___'_ __ _ _(_)_ __  __ _ \ \ \ \
( ( )\___ | '_ | '_| | '_ \/ _` | \ \ \ \
 \\/  ___)| |_)| | | | | || (_| |  ) ) ) )
  '  |____| .__|_| |_|_| |_\__, | / / / /
 =========|_|==============|___/=/_/_/_/
 :: Spring Boot ::        (v1.3.1.RELEASE)

java.lang.reflect.InvocationTargetException
	at sun.reflect.NativeMethodAccessorImpl.invoke0(Native Method)
	at sun.reflect.NativeMethodAccessorImpl.invoke(NativeMethodAccessorImpl.java:62)
	at sun.reflect.DelegatingMethodAccessorImpl.invoke(DelegatingMethodAccessorImpl.java:43)
	at java.lang.reflect.Method.invoke(Method.java:498)
	at org.springframework.boot.loader.MainMethodRunner.run(MainMethodRunner.java:53)
	at java.lang.Thread.run(Thread.java:748)
Caused by: org.springframework.beans.factory.BeanCreationException: Error creating bean with name 'okrFacadeFactory': Injection of autowired dependencies failed; nested exception is org.springframework.beans.factory.BeanCreationException: Could not autowire field: private hr.wozai.service.servicecommons.thrift.client.ThriftClientProxy hr.wozai.service.user.server.factory.OkrFacadeFactory.messageCenterFacadeProxy; nested exception is org.springframework.beans.factory.BeanCreationException: Error creating bean with name 'messageCenterFacadeProxy' defined in class path resource [thrift/thrift-service.xml]: Invocation of init method failed; nested exception is org.apache.zookeeper.KeeperException$NoNodeException: KeeperErrorCode = NoNode for /thrift/service/wozai/message/stage
Related cause: org.springframework.beans.factory.BeanCreationException: Error creating bean with name 'messageCenterFacadeProxy' defined in class path resource [thrift/thrift-service.xml]: Invocation of init method failed; nested exception is org.apache.zookeeper.KeeperException$NoNodeException: KeeperErrorCode = NoNode for /thrift/service/wozai/message/stage
Related cause: org.springframework.beans.factory.BeanCreationException: Error creating bean with name 'reviewTemplateFacadeProxy' defined in class path resource [thrift/thrift-service.xml]: Invocation of init method failed; nested exception is org.apache.zookeeper.KeeperException$NoNodeException: KeeperErrorCode = NoNode for /thrift/service/wozai/review/template/stage
Related cause: org.springframework.beans.factory.BeanCreationException: Error creating bean with name 'messageCenterFacadeProxy' defined in class path resource [thrift/thrift-service.xml]: Invocation of init method failed; nested exception is org.apache.zookeeper.KeeperException$NoNodeException: KeeperErrorCode = NoNode for /thrift/service/wozai/message/stage
Related cause: org.springframework.beans.factory.BeanCreationException: Error creating bean with name 'reviewTemplateFacadeProxy' defined in class path resource [thrift/thrift-service.xml]: Invocation of init method failed; nested exception is org.apache.zookeeper.KeeperException$NoNodeException: KeeperErrorCode = NoNode for /thrift/service/wozai/review/template/stage
Related cause: org.springframework.beans.factory.BeanCreationException: Error creating bean with name 'messageCenterFacadeProxy' defined in class path resource [thrift/thrift-service.xml]: Invocation of init method failed; nested exception is org.apache.zookeeper.KeeperException$NoNodeException: KeeperErrorCode = NoNode for /thrift/service/wozai/message/stage
Related cause: org.springframework.beans.factory.BeanCreationException: Error creating bean with name 'reviewTemplateFacadeProxy' defined in class path resource [thrift/thrift-service.xml]: Invocation of init method failed; nested exception is org.apache.zookeeper.KeeperException$NoNodeException: KeeperErrorCode = NoNode for /thrift/service/wozai/review/template/stage
Related cause: org.springframework.beans.factory.BeanCreationException: Error creating bean with name 'messageCenterFacadeProxy' defined in class path resource [thrift/thrift-service.xml]: Invocation of init method failed; nested exception is org.apache.zookeeper.KeeperException$NoNodeException: KeeperErrorCode = NoNode for /thrift/service/wozai/message/stage
Related cause: org.springframework.beans.factory.BeanCreationException: Error creating bean with name 'reviewTemplateFacadeProxy' defined in class path resource [thrift/thrift-service.xml]: Invocation of init method failed; nested exception is org.apache.zookeeper.KeeperException$NoNodeException: KeeperErrorCode = NoNode for /thrift/service/wozai/review/template/stage
Related cause: org.springframework.beans.factory.BeanCreationException: Error creating bean with name 'messageCenterFacadeProxy' defined in class path resource [thrift/thrift-service.xml]: Invocation of init method failed; nested exception is org.apache.zookeeper.KeeperException$NoNodeException: KeeperErrorCode = NoNode for /thrift/service/wozai/message/stage
Related cause: org.springframework.beans.factory.BeanCreationException: Error creating bean with name 'reviewTemplateFacadeProxy' defined in class path resource [thrift/thrift-service.xml]: Invocation of init method failed; nested exception is org.apache.zookeeper.KeeperException$NoNodeException: KeeperErrorCode = NoNode for /thrift/service/wozai/review/template/stage
Related cause: org.springframework.beans.factory.BeanCreationException: Error creating bean with name 'messageCenterFacadeProxy' defined in class path resource [thrift/thrift-service.xml]: Invocation of init method failed; nested exception is org.apache.zookeeper.KeeperException$NoNodeException: KeeperErrorCode = NoNode for /thrift/service/wozai/message/stage
Related cause: org.springframework.beans.factory.BeanCreationException: Error creating bean with name 'reviewTemplateFacadeProxy' defined in class path resource [thrift/thrift-service.xml]: Invocation of init method failed; nested exception is org.apache.zookeeper.KeeperException$NoNodeException: KeeperErrorCode = NoNode for /thrift/service/wozai/review/template/stage
Related cause: org.springframework.beans.factory.BeanCreationException: Error creating bean with name 'messageCenterFacadeProxy' defined in class path resource [thrift/thrift-service.xml]: Invocation of init method failed; nested exception is org.apache.zookeeper.KeeperException$NoNodeException: KeeperErrorCode = NoNode for /thrift/service/wozai/message/stage
Related cause: org.springframework.beans.factory.BeanCreationException: Error creating bean with name 'reviewTemplateFacadeProxy' defined in class path resource [thrift/thrift-service.xml]: Invocation of init method failed; nested exception is org.apache.zookeeper.KeeperException$NoNodeException: KeeperErrorCode = NoNode for /thrift/service/wozai/review/template/stage
Related cause: org.springframework.beans.factory.BeanCreationException: Error creating bean with name 'messageCenterFacadeProxy' defined in class path resource [thrift/thrift-service.xml]: Invocation of init method failed; nested exception is org.apache.zookeeper.KeeperException$NoNodeException: KeeperErrorCode = NoNode for /thrift/service/wozai/message/stage
Related cause: org.springframework.beans.factory.BeanCreationException: Error creating bean with name 'reviewTemplateFacadeProxy' defined in class path resource [thrift/thrift-service.xml]: Invocation of init method failed; nested exception is org.apache.zookeeper.KeeperException$NoNodeException: KeeperErrorCode = NoNode for /thrift/service/wozai/review/template/stage
Related cause: org.springframework.beans.factory.BeanCreationException: Error creating bean with name 'messageCenterFacadeProxy' defined in class path resource [thrift/thrift-service.xml]: Invocation of init method failed; nested exception is org.apache.zookeeper.KeeperException$NoNodeException: KeeperErrorCode = NoNode for /thrift/service/wozai/message/stage
Related cause: org.springframework.beans.factory.BeanCreationException: Error creating bean with name 'reviewTemplateFacadeProxy' defined in class path resource [thrift/thrift-service.xml]: Invocation of init method failed; nested exception is org.apache.zookeeper.KeeperException$NoNodeException: KeeperErrorCode = NoNode for /thrift/service/wozai/review/template/stage
Related cause: org.springframework.beans.factory.BeanCreationException: Error creating bean with name 'messageCenterFacadeProxy' defined in class path resource [thrift/thrift-service.xml]: Invocation of init method failed; nested exception is org.apache.zookeeper.KeeperException$NoNodeException: KeeperErrorCode = NoNode for /thrift/service/wozai/message/stage
Related cause: org.springframework.beans.factory.BeanCreationException: Error creating bean with name 'reviewTemplateFacadeProxy' defined in class path resource [thrift/thrift-service.xml]: Invocation of init method failed; nested exception is org.apache.zookeeper.KeeperException$NoNodeException: KeeperErrorCode = NoNode for /thrift/service/wozai/review/template/stage
Related cause: org.springframework.beans.factory.BeanCreationException: Error creating bean with name 'messageCenterFacadeProxy' defined in class path resource [thrift/thrift-service.xml]: Invocation of init method failed; nested exception is org.apache.zookeeper.KeeperException$NoNodeException: KeeperErrorCode = NoNode for /thrift/service/wozai/message/stage
Related cause: org.springframework.beans.factory.BeanCreationException: Error creating bean with name 'reviewTemplateFacadeProxy' defined in class path resource [thrift/thrift-service.xml]: Invocation of init method failed; nested exception is org.apache.zookeeper.KeeperException$NoNodeException: KeeperErrorCode = NoNode for /thrift/service/wozai/review/template/stage
Related cause: org.springframework.beans.factory.BeanCreationException: Error creating bean with name 'messageCenterFacadeProxy' defined in class path resource [thrift/thrift-service.xml]: Invocation of init method failed; nested exception is org.apache.zookeeper.KeeperException$NoNodeException: KeeperErrorCode = NoNode for /thrift/service/wozai/message/stage
Related cause: org.springframework.beans.factory.BeanCreationException: Error creating bean with name 'reviewTemplateFacadeProxy' defined in class path resource [thrift/thrift-service.xml]: Invocation of init method failed; nested exception is org.apache.zookeeper.KeeperException$NoNodeException: KeeperErrorCode = NoNode for /thrift/service/wozai/review/template/stage
Related cause: org.springframework.beans.factory.BeanCreationException: Error creating bean with name 'messageCenterFacadeProxy' defined in class path resource [thrift/thrift-service.xml]: Invocation of init method failed; nested exception is org.apache.zookeeper.KeeperException$NoNodeException: KeeperErrorCode = NoNode for /thrift/service/wozai/message/stage
Related cause: org.springframework.beans.factory.BeanCreationException: Error creating bean with name 'reviewTemplateFacadeProxy' defined in class path resource [thrift/thrift-service.xml]: Invocation of init method failed; nested exception is org.apache.zookeeper.KeeperException$NoNodeException: KeeperErrorCode = NoNode for /thrift/service/wozai/review/template/stage
Related cause: org.springframework.beans.factory.BeanCreationException: Error creating bean with name 'messageCenterFacadeProxy' defined in class path resource [thrift/thrift-service.xml]: Invocation of init method failed; nested exception is org.apache.zookeeper.KeeperException$NoNodeException: KeeperErrorCode = NoNode for /thrift/service/wozai/message/stage
Related cause: org.springframework.beans.factory.BeanCreationException: Error creating bean with name 'reviewTemplateFacadeProxy' defined in class path resource [thrift/thrift-service.xml]: Invocation of init method failed; nested exception is org.apache.zookeeper.KeeperException$NoNodeException: KeeperErrorCode = NoNode for /thrift/service/wozai/review/template/stage
Related cause: org.springframework.beans.factory.BeanCreationException: Error creating bean with name 'messageCenterFacadeProxy' defined in class path resource [thrift/thrift-service.xml]: Invocation of init method failed; nested exception is org.apache.zookeeper.KeeperException$NoNodeException: KeeperErrorCode = NoNode for /thrift/service/wozai/message/stage
Related cause: org.springframework.beans.factory.BeanCreationException: Error creating bean with name 'reviewTemplateFacadeProxy' defined in class path resource [thrift/thrift-service.xml]: Invocation of init method failed; nested exception is org.apache.zookeeper.KeeperException$NoNodeException: KeeperErrorCode = NoNode for /thrift/service/wozai/review/template/stage
Related cause: org.springframework.beans.factory.BeanCreationException: Error creating bean with name 'messageCenterFacadeProxy' defined in class path resource [thrift/thrift-service.xml]: Invocation of init method failed; nested exception is org.apache.zookeeper.KeeperException$NoNodeException: KeeperErrorCode = NoNode for /thrift/service/wozai/message/stage
Related cause: org.springframework.beans.factory.BeanCreationException: Error creating bean with name 'reviewTemplateFacadeProxy' defined in class path resource [thrift/thrift-service.xml]: Invocation of init method failed; nested exception is org.apache.zookeeper.KeeperException$NoNodeException: KeeperErrorCode = NoNode for /thrift/service/wozai/review/template/stage
Related cause: org.springframework.beans.factory.BeanCreationException: Error creating bean with name 'messageCenterFacadeProxy' defined in class path resource [thrift/thrift-service.xml]: Invocation of init method failed; nested exception is org.apache.zookeeper.KeeperException$NoNodeException: KeeperErrorCode = NoNode for /thrift/service/wozai/message/stage
Related cause: org.springframework.beans.factory.BeanCreationException: Error creating bean with name 'reviewTemplateFacadeProxy' defined in class path resource [thrift/thrift-service.xml]: Invocation of init method failed; nested exception is org.apache.zookeeper.KeeperException$NoNodeException: KeeperErrorCode = NoNode for /thrift/service/wozai/review/template/stage
Related cause: org.springframework.beans.factory.BeanCreationException: Error creating bean with name 'messageCenterFacadeProxy' defined in class path resource [thrift/thrift-service.xml]: Invocation of init method failed; nested exception is org.apache.zookeeper.KeeperException$NoNodeException: KeeperErrorCode = NoNode for /thrift/service/wozai/message/stage
Related cause: org.springframework.beans.factory.BeanCreationException: Error creating bean with name 'reviewTemplateFacadeProxy' defined in class path resource [thrift/thrift-service.xml]: Invocation of init method failed; nested exception is org.apache.zookeeper.KeeperException$NoNodeException: KeeperErrorCode = NoNode for /thrift/service/wozai/review/template/stage
Related cause: org.springframework.beans.factory.BeanCreationException: Error creating bean with name 'messageCenterFacadeProxy' defined in class path resource [thrift/thrift-service.xml]: Invocation of init method failed; nested exception is org.apache.zookeeper.KeeperException$NoNodeException: KeeperErrorCode = NoNode for /thrift/service/wozai/message/stage
Related cause: org.springframework.beans.factory.BeanCreationException: Error creating bean with name 'reviewTemplateFacadeProxy' defined in class path resource [thrift/thrift-service.xml]: Invocation of init method failed; nested exception is org.apache.zookeeper.KeeperException$NoNodeException: KeeperErrorCode = NoNode for /thrift/service/wozai/review/template/stage
Related cause: org.springframework.beans.factory.BeanCreationException: Error creating bean with name 'messageCenterFacadeProxy' defined in class path resource [thrift/thrift-service.xml]: Invocation of init method failed; nested exception is org.apache.zookeeper.KeeperException$NoNodeException: KeeperErrorCode = NoNode for /thrift/service/wozai/message/stage
Related cause: org.springframework.beans.factory.BeanCreationException: Error creating bean with name 'reviewTemplateFacadeProxy' defined in class path resource [thrift/thrift-service.xml]: Invocation of init method failed; nested exception is org.apache.zookeeper.KeeperException$NoNodeException: KeeperErrorCode = NoNode for /thrift/service/wozai/review/template/stage
Related cause: org.springframework.beans.factory.BeanCreationException: Error creating bean with name 'messageCenterFacadeProxy' defined in class path resource [thrift/thrift-service.xml]: Invocation of init method failed; nested exception is org.apache.zookeeper.KeeperException$NoNodeException: KeeperErrorCode = NoNode for /thrift/service/wozai/message/stage
Related cause: org.springframework.beans.factory.BeanCreationException: Error creating bean with name 'reviewTemplateFacadeProxy' defined in class path resource [thrift/thrift-service.xml]: Invocation of init method failed; nested exception is org.apache.zookeeper.KeeperException$NoNodeException: KeeperErrorCode = NoNode for /thrift/service/wozai/review/template/stage
Related cause: org.springframework.beans.factory.BeanCreationException: Error creating bean with name 'messageCenterFacadeProxy' defined in class path resource [thrift/thrift-service.xml]: Invocation of init method failed; nested exception is org.apache.zookeeper.KeeperException$NoNodeException: KeeperErrorCode = NoNode for /thrift/service/wozai/message/stage
Related cause: org.springframework.beans.factory.BeanCreationException: Error creating bean with name 'reviewTemplateFacadeProxy' defined in class path resource [thrift/thrift-service.xml]: Invocation of init method failed; nested exception is org.apache.zookeeper.KeeperException$NoNodeException: KeeperErrorCode = NoNode for /thrift/service/wozai/review/template/stage
Related cause: org.springframework.beans.factory.BeanCreationException: Error creating bean with name 'messageCenterFacadeProxy' defined in class path resource [thrift/thrift-service.xml]: Invocation of init method failed; nested exception is org.apache.zookeeper.KeeperException$NoNodeException: KeeperErrorCode = NoNode for /thrift/service/wozai/message/stage
Related cause: org.springframework.beans.factory.BeanCreationException: Error creating bean with name 'reviewTemplateFacadeProxy' defined in class path resource [thrift/thrift-service.xml]: Invocation of init method failed; nested exception is org.apache.zookeeper.KeeperException$NoNodeException: KeeperErrorCode = NoNode for /thrift/service/wozai/review/template/stage
Related cause: org.springframework.beans.factory.BeanCreationException: Error creating bean with name 'messageCenterFacadeProxy' defined in class path resource [thrift/thrift-service.xml]: Invocation of init method failed; nested exception is org.apache.zookeeper.KeeperException$NoNodeException: KeeperErrorCode = NoNode for /thrift/service/wozai/message/stage
Related cause: org.springframework.beans.factory.BeanCreationException: Error creating bean with name 'reviewTemplateFacadeProxy' defined in class path resource [thrift/thrift-service.xml]: Invocation of init method failed; nested exception is org.apache.zookeeper.KeeperException$NoNodeException: KeeperErrorCode = NoNode for /thrift/service/wozai/review/template/stage
Related cause: org.springframework.beans.factory.BeanCreationException: Error creating bean with name 'messageCenterFacadeProxy' defined in class path resource [thrift/thrift-service.xml]: Invocation of init method failed; nested exception is org.apache.zookeeper.KeeperException$NoNodeException: KeeperErrorCode = NoNode for /thrift/service/wozai/message/stage
Related cause: org.springframework.beans.factory.BeanCreationException: Error creating bean with name 'reviewTemplateFacadeProxy' defined in class path resource [thrift/thrift-service.xml]: Invocation of init method failed; nested exception is org.apache.zookeeper.KeeperException$NoNodeException: KeeperErrorCode = NoNode for /thrift/service/wozai/review/template/stage
Related cause: org.springframework.beans.factory.BeanCreationException: Error creating bean with name 'messageCenterFacadeProxy' defined in class path resource [thrift/thrift-service.xml]: Invocation of init method failed; nested exception is org.apache.zookeeper.KeeperException$NoNodeException: KeeperErrorCode = NoNode for /thrift/service/wozai/message/stage
Related cause: org.springframework.beans.factory.BeanCreationException: Error creating bean with name 'reviewTemplateFacadeProxy' defined in class path resource [thrift/thrift-service.xml]: Invocation of init method failed; nested exception is org.apache.zookeeper.KeeperException$NoNodeException: KeeperErrorCode = NoNode for /thrift/service/wozai/review/template/stage
Related cause: org.springframework.beans.factory.BeanCreationException: Error creating bean with name 'messageCenterFacadeProxy' defined in class path resource [thrift/thrift-service.xml]: Invocation of init method failed; nested exception is org.apache.zookeeper.KeeperException$NoNodeException: KeeperErrorCode = NoNode for /thrift/service/wozai/message/stage
Related cause: org.springframework.beans.factory.BeanCreationException: Error creating bean with name 'reviewTemplateFacadeProxy' defined in class path resource [thrift/thrift-service.xml]: Invocation of init method failed; nested exception is org.apache.zookeeper.KeeperException$NoNodeException: KeeperErrorCode = NoNode for /thrift/service/wozai/review/template/stage
Related cause: org.springframework.beans.factory.BeanCreationException: Error creating bean with name 'messageCenterFacadeProxy' defined in class path resource [thrift/thrift-service.xml]: Invocation of init method failed; nested exception is org.apache.zookeeper.KeeperException$NoNodeException: KeeperErrorCode = NoNode for /thrift/service/wozai/message/stage
Related cause: org.springframework.beans.factory.BeanCreationException: Error creating bean with name 'reviewTemplateFacadeProxy' defined in class path resource [thrift/thrift-service.xml]: Invocation of init method failed; nested exception is org.apache.zookeeper.KeeperException$NoNodeException: KeeperErrorCode = NoNode for /thrift/service/wozai/review/template/stage
Related cause: org.springframework.beans.factory.BeanCreationException: Error creating bean with name 'messageCenterFacadeProxy' defined in class path resource [thrift/thrift-service.xml]: Invocation of init method failed; nested exception is org.apache.zookeeper.KeeperException$NoNodeException: KeeperErrorCode = NoNode for /thrift/service/wozai/message/stage
Related cause: org.springframework.beans.factory.BeanCreationException: Error creating bean with name 'reviewTemplateFacadeProxy' defined in class path resource [thrift/thrift-service.xml]: Invocation of init method failed; nested exception is org.apache.zookeeper.KeeperException$NoNodeException: KeeperErrorCode = NoNode for /thrift/service/wozai/review/template/stage
Related cause: org.springframework.beans.factory.BeanCreationException: Error creating bean with name 'messageCenterFacadeProxy' defined in class path resource [thrift/thrift-service.xml]: Invocation of init method failed; nested exception is org.apache.zookeeper.KeeperException$NoNodeException: KeeperErrorCode = NoNode for /thrift/service/wozai/message/stage
Related cause: org.springframework.beans.factory.BeanCreationException: Error creating bean with name 'reviewTemplateFacadeProxy' defined in class path resource [thrift/thrift-service.xml]: Invocation of init method failed; nested exception is org.apache.zookeeper.KeeperException$NoNodeException: KeeperErrorCode = NoNode for /thrift/service/wozai/review/template/stage
Related cause: org.springframework.beans.factory.BeanCreationException: Error creating bean with name 'messageCenterFacadeProxy' defined in class path resource [thrift/thrift-service.xml]: Invocation of init method failed; nested exception is org.apache.zookeeper.KeeperException$NoNodeException: KeeperErrorCode = NoNode for /thrift/service/wozai/message/stage
Related cause: org.springframework.beans.factory.BeanCreationException: Error creating bean with name 'reviewTemplateFacadeProxy' defined in class path resource [thrift/thrift-service.xml]: Invocation of init method failed; nested exception is org.apache.zookeeper.KeeperException$NoNodeException: KeeperErrorCode = NoNode for /thrift/service/wozai/review/template/stage
Related cause: org.springframework.beans.factory.BeanCreationException: Error creating bean with name 'messageCenterFacadeProxy' defined in class path resource [thrift/thrift-service.xml]: Invocation of init method failed; nested exception is org.apache.zookeeper.KeeperException$NoNodeException: KeeperErrorCode = NoNode for /thrift/service/wozai/message/stage
Related cause: org.springframework.beans.factory.BeanCreationException: Error creating bean with name 'reviewTemplateFacadeProxy' defined in class path resource [thrift/thrift-service.xml]: Invocation of init method failed; nested exception is org.apache.zookeeper.KeeperException$NoNodeException: KeeperErrorCode = NoNode for /thrift/service/wozai/review/template/stage
Related cause: org.springframework.beans.factory.BeanCreationException: Error creating bean with name 'messageCenterFacadeProxy' defined in class path resource [thrift/thrift-service.xml]: Invocation of init method failed; nested exception is org.apache.zookeeper.KeeperException$NoNodeException: KeeperErrorCode = NoNode for /thrift/service/wozai/message/stage
Related cause: org.springframework.beans.factory.BeanCreationException: Error creating bean with name 'reviewTemplateFacadeProxy' defined in class path resource [thrift/thrift-service.xml]: Invocation of init method failed; nested exception is org.apache.zookeeper.KeeperException$NoNodeException: KeeperErrorCode = NoNode for /thrift/service/wozai/review/template/stage
Related cause: org.springframework.beans.factory.BeanCreationException: Error creating bean with name 'messageCenterFacadeProxy' defined in class path resource [thrift/thrift-service.xml]: Invocation of init method failed; nested exception is org.apache.zookeeper.KeeperException$NoNodeException: KeeperErrorCode = NoNode for /thrift/service/wozai/message/stage
Related cause: org.springframework.beans.factory.BeanCreationException: Error creating bean with name 'reviewTemplateFacadeProxy' defined in class path resource [thrift/thrift-service.xml]: Invocation of init method failed; nested exception is org.apache.zookeeper.KeeperException$NoNodeException: KeeperErrorCode = NoNode for /thrift/service/wozai/review/template/stage
Related cause: org.springframework.beans.factory.BeanCreationException: Error creating bean with name 'messageCenterFacadeProxy' defined in class path resource [thrift/thrift-service.xml]: Invocation of init method failed; nested exception is org.apache.zookeeper.KeeperException$NoNodeException: KeeperErrorCode = NoNode for /thrift/service/wozai/message/stage
Related cause: org.springframework.beans.factory.BeanCreationException: Error creating bean with name 'reviewTemplateFacadeProxy' defined in class path resource [thrift/thrift-service.xml]: Invocation of init method failed; nested exception is org.apache.zookeeper.KeeperException$NoNodeException: KeeperErrorCode = NoNode for /thrift/service/wozai/review/template/stage
Related cause: org.springframework.beans.factory.BeanCreationException: Error creating bean with name 'messageCenterFacadeProxy' defined in class path resource [thrift/thrift-service.xml]: Invocation of init method failed; nested exception is org.apache.zookeeper.KeeperException$NoNodeException: KeeperErrorCode = NoNode for /thrift/service/wozai/message/stage
Related cause: org.springframework.beans.factory.BeanCreationException: Error creating bean with name 'reviewTemplateFacadeProxy' defined in class path resource [thrift/thrift-service.xml]: Invocation of init method failed; nested exception is org.apache.zookeeper.KeeperException$NoNodeException: KeeperErrorCode = NoNode for /thrift/service/wozai/review/template/stage
Related cause: org.springframework.beans.factory.BeanCreationException: Error creating bean with name 'messageCenterFacadeProxy' defined in class path resource [thrift/thrift-service.xml]: Invocation of init method failed; nested exception is org.apache.zookeeper.KeeperException$NoNodeException: KeeperErrorCode = NoNode for /thrift/service/wozai/message/stage
Related cause: org.springframework.beans.factory.BeanCreationException: Error creating bean with name 'reviewTemplateFacadeProxy' defined in class path resource [thrift/thrift-service.xml]: Invocation of init method failed; nested exception is org.apache.zookeeper.KeeperException$NoNodeException: KeeperErrorCode = NoNode for /thrift/service/wozai/review/template/stage
Related cause: org.springframework.beans.factory.BeanCreationException: Error creating bean with name 'messageCenterFacadeProxy' defined in class path resource [thrift/thrift-service.xml]: Invocation of init method failed; nested exception is org.apache.zookeeper.KeeperException$NoNodeException: KeeperErrorCode = NoNode for /thrift/service/wozai/message/stage
Related cause: org.springframework.beans.factory.BeanCreationException: Error creating bean with name 'reviewTemplateFacadeProxy' defined in class path resource [thrift/thrift-service.xml]: Invocation of init method failed; nested exception is org.apache.zookeeper.KeeperException$NoNodeException: KeeperErrorCode = NoNode for /thrift/service/wozai/review/template/stage
Related cause: org.springframework.beans.factory.BeanCreationException: Error creating bean with name 'messageCenterFacadeProxy' defined in class path resource [thrift/thrift-service.xml]: Invocation of init method failed; nested exception is org.apache.zookeeper.KeeperException$NoNodeException: KeeperErrorCode = NoNode for /thrift/service/wozai/message/stage
Related cause: org.springframework.beans.factory.BeanCreationException: Error creating bean with name 'reviewTemplateFacadeProxy' defined in class path resource [thrift/thrift-service.xml]: Invocation of init method failed; nested exception is org.apache.zookeeper.KeeperException$NoNodeException: KeeperErrorCode = NoNode for /thrift/service/wozai/review/template/stage
Related cause: org.springframework.beans.factory.BeanCreationException: Error creating bean with name 'messageCenterFacadeProxy' defined in class path resource [thrift/thrift-service.xml]: Invocation of init method failed; nested exception is org.apache.zookeeper.KeeperException$NoNodeException: KeeperErrorCode = NoNode for /thrift/service/wozai/message/stage
Related cause: org.springframework.beans.factory.BeanCreationException: Error creating bean with name 'reviewTemplateFacadeProxy' defined in class path resource [thrift/thrift-service.xml]: Invocation of init method failed; nested exception is org.apache.zookeeper.KeeperException$NoNodeException: KeeperErrorCode = NoNode for /thrift/service/wozai/review/template/stage
Related cause: org.springframework.beans.factory.BeanCreationException: Error creating bean with name 'messageCenterFacadeProxy' defined in class path resource [thrift/thrift-service.xml]: Invocation of init method failed; nested exception is org.apache.zookeeper.KeeperException$NoNodeException: KeeperErrorCode = NoNode for /thrift/service/wozai/message/stage
Related cause: org.springframework.beans.factory.BeanCreationException: Error creating bean with name 'reviewTemplateFacadeProxy' defined in class path resource [thrift/thrift-service.xml]: Invocation of init method failed; nested exception is org.apache.zookeeper.KeeperException$NoNodeException: KeeperErrorCode = NoNode for /thrift/service/wozai/review/template/stage
Related cause: org.springframework.beans.factory.BeanCreationException: Error creating bean with name 'messageCenterFacadeProxy' defined in class path resource [thrift/thrift-service.xml]: Invocation of init method failed; nested exception is org.apache.zookeeper.KeeperException$NoNodeException: KeeperErrorCode = NoNode for /thrift/service/wozai/message/stage
Related cause: org.springframework.beans.factory.BeanCreationException: Error creating bean with name 'reviewTemplateFacadeProxy' defined in class path resource [thrift/thrift-service.xml]: Invocation of init method failed; nested exception is org.apache.zookeeper.KeeperException$NoNodeException: KeeperErrorCode = NoNode for /thrift/service/wozai/review/template/stage
Related cause: org.springframework.beans.factory.BeanCreationException: Error creating bean with name 'messageCenterFacadeProxy' defined in class path resource [thrift/thrift-service.xml]: Invocation of init method failed; nested exception is org.apache.zookeeper.KeeperException$NoNodeException: KeeperErrorCode = NoNode for /thrift/service/wozai/message/stage
Related cause: org.springframework.beans.factory.BeanCreationException: Error creating bean with name 'reviewTemplateFacadeProxy' defined in class path resource [thrift/thrift-service.xml]: Invocation of init method failed; nested exception is org.apache.zookeeper.KeeperException$NoNodeException: KeeperErrorCode = NoNode for /thrift/service/wozai/review/template/stage
Related cause: org.springframework.beans.factory.BeanCreationException: Error creating bean with name 'messageCenterFacadeProxy' defined in class path resource [thrift/thrift-service.xml]: Invocation of init method failed; nested exception is org.apache.zookeeper.KeeperException$NoNodeException: KeeperErrorCode = NoNode for /thrift/service/wozai/message/stage
Related cause: org.springframework.beans.factory.BeanCreationException: Error creating bean with name 'reviewTemplateFacadeProxy' defined in class path resource [thrift/thrift-service.xml]: Invocation of init method failed; nested exception is org.apache.zookeeper.KeeperException$NoNodeException: KeeperErrorCode = NoNode for /thrift/service/wozai/review/template/stage
Related cause: org.springframework.beans.factory.BeanCreationException: Error creating bean with name 'messageCenterFacadeProxy' defined in class path resource [thrift/thrift-service.xml]: Invocation of init method failed; nested exception is org.apache.zookeeper.KeeperException$NoNodeException: KeeperErrorCode = NoNode for /thrift/service/wozai/message/stage
Related cause: org.springframework.beans.factory.BeanCreationException: Error creating bean with name 'reviewTemplateFacadeProxy' defined in class path resource [thrift/thrift-service.xml]: Invocation of init method failed; nested exception is org.apache.zookeeper.KeeperException$NoNodeException: KeeperErrorCode = NoNode for /thrift/service/wozai/review/template/stage
Related cause: org.springframework.beans.factory.BeanCreationException: Error creating bean with name 'messageCenterFacadeProxy' defined in class path resource [thrift/thrift-service.xml]: Invocation of init method failed; nested exception is org.apache.zookeeper.KeeperException$NoNodeException: KeeperErrorCode = NoNode for /thrift/service/wozai/message/stage
Related cause: org.springframework.beans.factory.BeanCreationException: Error creating bean with name 'reviewTemplateFacadeProxy' defined in class path resource [thrift/thrift-service.xml]: Invocation of init method failed; nested exception is org.apache.zookeeper.KeeperException$NoNodeException: KeeperErrorCode = NoNode for /thrift/service/wozai/review/template/stage
Related cause: org.springframework.beans.factory.BeanCreationException: Error creating bean with name 'messageCenterFacadeProxy' defined in class path resource [thrift/thrift-service.xml]: Invocation of init method failed; nested exception is org.apache.zookeeper.KeeperException$NoNodeException: KeeperErrorCode = NoNode for /thrift/service/wozai/message/stage
Related cause: org.springframework.beans.factory.BeanCreationException: Error creating bean with name 'reviewTemplateFacadeProxy' defined in class path resource [thrift/thrift-service.xml]: Invocation of init method failed; nested exception is org.apache.zookeeper.KeeperException$NoNodeException: KeeperErrorCode = NoNode for /thrift/service/wozai/review/template/stage
	at org.springframework.beans.factory.annotation.AutowiredAnnotationBeanPostProcessor.postProcessPropertyValues(AutowiredAnnotationBeanPostProcessor.java:334)
	at org.springframework.beans.factory.support.AbstractAutowireCapableBeanFactory.populateBean(AbstractAutowireCapableBeanFactory.java:1214)
	at org.springframework.beans.factory.support.AbstractAutowireCapableBeanFactory.doCreateBean(AbstractAutowireCapableBeanFactory.java:543)
	at org.springframework.beans.factory.support.AbstractAutowireCapableBeanFactory.createBean(AbstractAutowireCapableBeanFactory.java:482)
	at org.springframework.beans.factory.support.AbstractBeanFactory$1.getObject(AbstractBeanFactory.java:306)
	at org.springframework.beans.factory.support.DefaultSingletonBeanRegistry.getSingleton(DefaultSingletonBeanRegistry.java:230)
	at org.springframework.beans.factory.support.AbstractBeanFactory.doGetBean(AbstractBeanFactory.java:302)
	at org.springframework.beans.factory.support.AbstractBeanFactory.getBean(AbstractBeanFactory.java:197)
	at org.springframework.beans.factory.support.DefaultListableBeanFactory.preInstantiateSingletons(DefaultListableBeanFactory.java:772)
	at org.springframework.context.support.AbstractApplicationContext.finishBeanFactoryInitialization(AbstractApplicationContext.java:839)
	at org.springframework.context.support.AbstractApplicationContext.refresh(AbstractApplicationContext.java:538)
	at org.springframework.boot.context.embedded.EmbeddedWebApplicationContext.refresh(EmbeddedWebApplicationContext.java:118)
	at org.springframework.boot.SpringApplication.refresh(SpringApplication.java:764)
	at org.springframework.boot.SpringApplication.doRun(SpringApplication.java:357)
	at org.springframework.boot.SpringApplication.run(SpringApplication.java:305)
	at org.springframework.boot.SpringApplication.run(SpringApplication.java:1124)
	at org.springframework.boot.SpringApplication.run(SpringApplication.java:1113)
	at hr.wozai.service.user.server.UserServerApplication.main(UserServerApplication.java:24)
	... 6 more
Caused by: org.springframework.beans.factory.BeanCreationException: Could not autowire field: private hr.wozai.service.servicecommons.thrift.client.ThriftClientProxy hr.wozai.service.user.server.factory.OkrFacadeFactory.messageCenterFacadeProxy; nested exception is org.springframework.beans.factory.BeanCreationException: Error creating bean with name 'messageCenterFacadeProxy' defined in class path resource [thrift/thrift-service.xml]: Invocation of init method failed; nested exception is org.apache.zookeeper.KeeperException$NoNodeException: KeeperErrorCode = NoNode for /thrift/service/wozai/message/stage
	at org.springframework.beans.factory.annotation.AutowiredAnnotationBeanPostProcessor$AutowiredFieldElement.inject(AutowiredAnnotationBeanPostProcessor.java:573)
	at org.springframework.beans.factory.annotation.InjectionMetadata.inject(InjectionMetadata.java:88)
	at org.springframework.beans.factory.annotation.AutowiredAnnotationBeanPostProcessor.postProcessPropertyValues(AutowiredAnnotationBeanPostProcessor.java:331)
	... 23 more
Caused by: org.springframework.beans.factory.BeanCreationException: Error creating bean with name 'messageCenterFacadeProxy' defined in class path resource [thrift/thrift-service.xml]: Invocation of init method failed; nested exception is org.apache.zookeeper.KeeperException$NoNodeException: KeeperErrorCode = NoNode for /thrift/service/wozai/message/stage
	at org.springframework.beans.factory.support.AbstractAutowireCapableBeanFactory.initializeBean(AbstractAutowireCapableBeanFactory.java:1578)
	at org.springframework.beans.factory.support.AbstractAutowireCapableBeanFactory.doCreateBean(AbstractAutowireCapableBeanFactory.java:545)
	at org.springframework.beans.factory.support.AbstractAutowireCapableBeanFactory.createBean(AbstractAutowireCapableBeanFactory.java:482)
	at org.springframework.beans.factory.support.AbstractBeanFactory$1.getObject(AbstractBeanFactory.java:306)
	at org.springframework.beans.factory.support.DefaultSingletonBeanRegistry.getSingleton(DefaultSingletonBeanRegistry.java:230)
	at org.springframework.beans.factory.support.AbstractBeanFactory.doGetBean(AbstractBeanFactory.java:302)
	at org.springframework.beans.factory.support.AbstractBeanFactory.getBean(AbstractBeanFactory.java:197)
	at org.springframework.beans.factory.support.DefaultListableBeanFactory.findAutowireCandidates(DefaultListableBeanFactory.java:1192)
	at org.springframework.beans.factory.support.DefaultListableBeanFactory.doResolveDependency(DefaultListableBeanFactory.java:1116)
	at org.springframework.beans.factory.support.DefaultListableBeanFactory.resolveDependency(DefaultListableBeanFactory.java:1014)
	at org.springframework.beans.factory.annotation.AutowiredAnnotationBeanPostProcessor$AutowiredFieldElement.inject(AutowiredAnnotationBeanPostProcessor.java:545)
	... 25 more
Caused by: org.apache.zookeeper.KeeperException$NoNodeException: KeeperErrorCode = NoNode for /thrift/service/wozai/message/stage
	at org.apache.zookeeper.KeeperException.create(KeeperException.java:111)
	at org.apache.zookeeper.KeeperException.create(KeeperException.java:51)
	at org.apache.zookeeper.ZooKeeper.getChildren(ZooKeeper.java:1472)
	at hr.wozai.service.servicecommons.thrift.client.ThriftClientProxy.afterPropertiesSet(ThriftClientProxy.java:127)
	at org.springframework.beans.factory.support.AbstractAutowireCapableBeanFactory.invokeInitMethods(AbstractAutowireCapableBeanFactory.java:1637)
	at org.springframework.beans.factory.support.AbstractAutowireCapableBeanFactory.initializeBean(AbstractAutowireCapableBeanFactory.java:1574)
	... 35 more
